{
  "stats": {
    "suites": 1,
    "tests": 2,
    "passes": 1,
    "pending": 0,
    "failures": 1,
    "start": "2025-04-28T17:54:25.977Z",
    "end": "2025-04-28T17:54:45.772Z",
    "duration": 19795,
    "testsRegistered": 2,
    "passPercent": 50,
    "pendingPercent": 0,
    "other": 0,
    "hasOther": false,
    "skipped": 0,
    "hasSkipped": false
  },
  "results": [
    {
      "uuid": "f411da28-b921-4030-a9bf-123a406f8e52",
      "title": "",
      "fullFile": "cypress\\e2e\\login\\login.cy.js",
      "file": "cypress\\e2e\\login\\login.cy.js",
      "beforeHooks": [],
      "afterHooks": [],
      "tests": [],
      "suites": [
        {
          "uuid": "9eaaee4a-c397-4341-a061-e61e53e0b10f",
          "title": "Login",
          "fullFile": "",
          "file": "",
          "beforeHooks": [],
          "afterHooks": [],
          "tests": [
            {
              "title": "Realizar login com sucesso",
              "fullTitle": "Login Realizar login com sucesso",
              "timedOut": null,
              "duration": 5238,
              "state": "failed",
              "speed": null,
              "pass": false,
              "fail": true,
              "pending": false,
              "context": null,
              "code": "_Login.default.preencherCredenciasValidas();\n_inventory.default.validarAcessoPagina();",
              "err": {
                "message": "AssertionError: Timed out retrying after 4000ms: expected 'https://www.saucedemo.com/' to equal 'https://www.saucedemo.com/inventory.html'",
                "estack": "AssertionError: Timed out retrying after 4000ms: expected 'https://www.saucedemo.com/' to equal 'https://www.saucedemo.com/inventory.html'\n    at Inventory.validarAcessoPagina (webpack://cypress-estudo/./cypress/pages/inventory/index.js:6:17)\n    at Context.eval (webpack://cypress-estudo/./cypress/e2e/login/login.cy.js:14:18)",
                "diff": "- 'https://www.saucedemo.com/'\n+ 'https://www.saucedemo.com/inventory.html'\n"
              },
              "uuid": "dfc50776-0fa4-43c0-af92-23e65e60f6f0",
              "parentUUID": "9eaaee4a-c397-4341-a061-e61e53e0b10f",
              "isHook": false,
              "skipped": false
            },
            {
              "title": "Realizar login com credenciais inválidas",
              "fullTitle": "Login Realizar login com credenciais inválidas",
              "timedOut": null,
              "duration": 14485,
              "state": "passed",
              "speed": "slow",
              "pass": true,
              "fail": false,
              "pending": false,
              "context": null,
              "code": "// Act\n_Login.default.preencherCredenciasInvalidas();\n// Assert\n_Login.default.validarErroCredenciaisInvalida();\n_Login.default.validarAcessoPagina();",
              "err": {},
              "uuid": "f7228ca8-d259-43af-82e3-c51ed1c5342f",
              "parentUUID": "9eaaee4a-c397-4341-a061-e61e53e0b10f",
              "isHook": false,
              "skipped": false
            }
          ],
          "suites": [],
          "passes": [
            "f7228ca8-d259-43af-82e3-c51ed1c5342f"
          ],
          "failures": [
            "dfc50776-0fa4-43c0-af92-23e65e60f6f0"
          ],
          "pending": [],
          "skipped": [],
          "duration": 19723,
          "root": false,
          "rootEmpty": false,
          "_timeout": 2000
        }
      ],
      "passes": [],
      "failures": [],
      "pending": [],
      "skipped": [],
      "duration": 0,
      "root": true,
      "rootEmpty": true,
      "_timeout": 2000
    }
  ],
  "meta": {
    "mocha": {
      "version": "7.2.0"
    },
    "mochawesome": {
      "options": {
        "quiet": false,
        "reportFilename": "mochawesome",
        "saveHtml": false,
        "saveJson": true,
        "consoleReporter": "spec",
        "useInlineDiffs": false,
        "code": true
      },
      "version": "7.1.3"
    },
    "marge": {
      "options": {
        "id": "default",
        "charts": true,
        "reportPageTitle": "Relatorio de testes",
        "embeddedScreenshots": true,
        "inlineAssets": true,
        "saveAllAttempts": false,
        "overwrite": false,
        "html": false,
        "json": true,
        "reportDir": "cypress\\reports\\html\\.jsons"
      },
      "version": "6.2.0"
    }
  }
}