{
  "stats": {
    "suites": 1,
    "tests": 2,
    "passes": 2,
    "pending": 0,
    "failures": 0,
    "start": "2025-04-28T19:25:03.884Z",
    "end": "2025-04-28T19:25:07.295Z",
    "duration": 3411,
    "testsRegistered": 2,
    "passPercent": 100,
    "pendingPercent": 0,
    "other": 0,
    "hasOther": false,
    "skipped": 0,
    "hasSkipped": false
  },
  "results": [
    {
      "uuid": "1363d63f-e500-4ffb-ac63-3dec909ba1c6",
      "title": "",
      "fullFile": "cypress\\e2e\\carrinho\\carrinho.cy.js",
      "file": "cypress\\e2e\\carrinho\\carrinho.cy.js",
      "beforeHooks": [],
      "afterHooks": [],
      "tests": [],
      "suites": [
        {
          "uuid": "d99069fd-0ba9-459a-9f47-e1f63da86be0",
          "title": "Carrinho",
          "fullFile": "",
          "file": "",
          "beforeHooks": [],
          "afterHooks": [],
          "tests": [
            {
              "title": "Adicionar produto ao carrinho com sucesso",
              "fullTitle": "Carrinho Adicionar produto ao carrinho com sucesso",
              "timedOut": null,
              "duration": 2187,
              "state": "passed",
              "speed": "fast",
              "pass": true,
              "fail": false,
              "pending": false,
              "context": null,
              "code": "// Act\nconst qtdItensAdicionados = 1;\n_Inventory.default.adicionarProduto('Sauce Labs Backpack');\n// Assert\n_Header.default.ValidarQueCarrinhoPossuiItens(1);\n_Cart.default.validarProdutoPresenteNoCarrinho('Sauce Labs Backpack');",
              "err": {},
              "uuid": "3eb3f710-c264-4246-994f-27e5ab82b204",
              "parentUUID": "d99069fd-0ba9-459a-9f47-e1f63da86be0",
              "isHook": false,
              "skipped": false
            },
            {
              "title": "Remover produto do carrinho com sucesso",
              "fullTitle": "Carrinho Remover produto do carrinho com sucesso",
              "timedOut": null,
              "duration": 1168,
              "state": "passed",
              "speed": "fast",
              "pass": true,
              "fail": false,
              "pending": false,
              "context": null,
              "code": "// Arrange   \n_Inventory.default.adicionarProduto('Sauce Labs Backpack');\n// Act\n_Inventory.default.removerProduto('Sauce Labs Backpack');\n// Assert\n_Header.default.ValidarQueCarrinhoNaoPossuiItens();",
              "err": {},
              "uuid": "4a99d8e8-bef1-4c0f-a368-a6d7a5c599c8",
              "parentUUID": "d99069fd-0ba9-459a-9f47-e1f63da86be0",
              "isHook": false,
              "skipped": false
            }
          ],
          "suites": [],
          "passes": [
            "3eb3f710-c264-4246-994f-27e5ab82b204",
            "4a99d8e8-bef1-4c0f-a368-a6d7a5c599c8"
          ],
          "failures": [],
          "pending": [],
          "skipped": [],
          "duration": 3355,
          "root": false,
          "rootEmpty": false,
          "_timeout": 2000
        }
      ],
      "passes": [],
      "failures": [],
      "pending": [],
      "skipped": [],
      "duration": 0,
      "root": true,
      "rootEmpty": true,
      "_timeout": 2000
    }
  ],
  "meta": {
    "mocha": {
      "version": "7.2.0"
    },
    "mochawesome": {
      "options": {
        "quiet": false,
        "reportFilename": "mochawesome",
        "saveHtml": false,
        "saveJson": true,
        "consoleReporter": "spec",
        "useInlineDiffs": false,
        "code": true
      },
      "version": "7.1.3"
    },
    "marge": {
      "options": {
        "id": "default",
        "charts": true,
        "reportPageTitle": "Relatorio de testes",
        "embeddedScreenshots": true,
        "inlineAssets": true,
        "saveAllAttempts": false,
        "overwrite": false,
        "html": false,
        "json": true,
        "reportDir": "cypress\\reports\\html\\.jsons"
      },
      "version": "6.2.0"
    }
  }
}