{
  "stats": {
    "suites": 1,
    "tests": 2,
    "passes": 2,
    "pending": 0,
    "failures": 0,
    "start": "2025-04-28T17:56:12.328Z",
    "end": "2025-04-28T17:56:15.129Z",
    "duration": 2801,
    "testsRegistered": 2,
    "passPercent": 100,
    "pendingPercent": 0,
    "other": 0,
    "hasOther": false,
    "skipped": 0,
    "hasSkipped": false
  },
  "results": [
    {
      "uuid": "ed2b606b-ab89-402c-a728-6c5291415bf7",
      "title": "",
      "fullFile": "cypress\\e2e\\login\\login.cy.js",
      "file": "cypress\\e2e\\login\\login.cy.js",
      "beforeHooks": [],
      "afterHooks": [],
      "tests": [],
      "suites": [
        {
          "uuid": "29a6befc-3e4e-43c8-80dc-8ffa52de153e",
          "title": "Login",
          "fullFile": "",
          "file": "",
          "beforeHooks": [],
          "afterHooks": [],
          "tests": [
            {
              "title": "Realizar login com sucesso",
              "fullTitle": "Login Realizar login com sucesso",
              "timedOut": null,
              "duration": 2027,
              "state": "passed",
              "speed": "fast",
              "pass": true,
              "fail": false,
              "pending": false,
              "context": null,
              "code": "_Login.default.preencherCredenciasValidas();\n_inventory.default.validarAcessoPagina();",
              "err": {},
              "uuid": "d576aadb-7b4e-46af-901e-ebb86282e66c",
              "parentUUID": "29a6befc-3e4e-43c8-80dc-8ffa52de153e",
              "isHook": false,
              "skipped": false
            },
            {
              "title": "Realizar login com credenciais inválidas",
              "fullTitle": "Login Realizar login com credenciais inválidas",
              "timedOut": null,
              "duration": 718,
              "state": "passed",
              "speed": "fast",
              "pass": true,
              "fail": false,
              "pending": false,
              "context": null,
              "code": "// Act\n_Login.default.preencherCredenciasInvalidas();\n// Assert\n_Login.default.validarErroCredenciaisInvalida();\n_Login.default.validarAcessoPagina();",
              "err": {},
              "uuid": "02e7f722-05df-49e6-bd73-d40cc4c740bf",
              "parentUUID": "29a6befc-3e4e-43c8-80dc-8ffa52de153e",
              "isHook": false,
              "skipped": false
            }
          ],
          "suites": [],
          "passes": [
            "d576aadb-7b4e-46af-901e-ebb86282e66c",
            "02e7f722-05df-49e6-bd73-d40cc4c740bf"
          ],
          "failures": [],
          "pending": [],
          "skipped": [],
          "duration": 2745,
          "root": false,
          "rootEmpty": false,
          "_timeout": 2000
        }
      ],
      "passes": [],
      "failures": [],
      "pending": [],
      "skipped": [],
      "duration": 0,
      "root": true,
      "rootEmpty": true,
      "_timeout": 2000
    }
  ],
  "meta": {
    "mocha": {
      "version": "7.2.0"
    },
    "mochawesome": {
      "options": {
        "quiet": false,
        "reportFilename": "mochawesome",
        "saveHtml": false,
        "saveJson": true,
        "consoleReporter": "spec",
        "useInlineDiffs": false,
        "code": true
      },
      "version": "7.1.3"
    },
    "marge": {
      "options": {
        "id": "default",
        "charts": true,
        "reportPageTitle": "Relatorio de testes",
        "embeddedScreenshots": true,
        "inlineAssets": true,
        "saveAllAttempts": false,
        "overwrite": false,
        "html": false,
        "json": true,
        "reportDir": "cypress\\reports\\html\\.jsons"
      },
      "version": "6.2.0"
    }
  }
}