{
  "stats": {
    "suites": 1,
    "tests": 2,
    "passes": 2,
    "pending": 0,
    "failures": 0,
    "start": "2025-05-07T23:15:11.530Z",
    "end": "2025-05-07T23:15:14.691Z",
    "duration": 3161,
    "testsRegistered": 2,
    "passPercent": 100,
    "pendingPercent": 0,
    "other": 0,
    "hasOther": false,
    "skipped": 0,
    "hasSkipped": false
  },
  "results": [
    {
      "uuid": "a7065629-b33a-4105-9a04-60603613957c",
      "title": "",
      "fullFile": "cypress\\e2e\\carrinho\\carrinho.cy.js",
      "file": "cypress\\e2e\\carrinho\\carrinho.cy.js",
      "beforeHooks": [],
      "afterHooks": [],
      "tests": [],
      "suites": [
        {
          "uuid": "f16d565c-5dac-492c-8bf2-6cf8954d70d4",
          "title": "Carrinho",
          "fullFile": "",
          "file": "",
          "beforeHooks": [],
          "afterHooks": [],
          "tests": [
            {
              "title": "Adicionar produto ao carrinho com sucesso",
              "fullTitle": "Carrinho Adicionar produto ao carrinho com sucesso",
              "timedOut": null,
              "duration": 2128,
              "state": "passed",
              "speed": "fast",
              "pass": true,
              "fail": false,
              "pending": false,
              "context": null,
              "code": "// Act\nconst qtdItensAdicionados = 1;\n_Inventory.default.adicionarProduto('Sauce Labs Backpack');\n// Assert\n_Header.default.ValidarQueCarrinhoPossuiItens(1);\n_Cart.default.validarProdutoPresenteNoCarrinho('Sauce Labs Backpack');",
              "err": {},
              "uuid": "79fa9d5a-849e-4caf-9e9b-f8b408d895fb",
              "parentUUID": "f16d565c-5dac-492c-8bf2-6cf8954d70d4",
              "isHook": false,
              "skipped": false
            },
            {
              "title": "Remover produto do carrinho com sucesso",
              "fullTitle": "Carrinho Remover produto do carrinho com sucesso",
              "timedOut": null,
              "duration": 975,
              "state": "passed",
              "speed": "fast",
              "pass": true,
              "fail": false,
              "pending": false,
              "context": null,
              "code": "// Arrange   \n_Inventory.default.adicionarProduto('Sauce Labs Backpack');\n// Act\n_Inventory.default.removerProduto('Sauce Labs Backpack');\n// Assert\n_Header.default.ValidarQueCarrinhoNaoPossuiItens();",
              "err": {},
              "uuid": "4e693cc8-790e-4757-8925-e24f2e538a29",
              "parentUUID": "f16d565c-5dac-492c-8bf2-6cf8954d70d4",
              "isHook": false,
              "skipped": false
            }
          ],
          "suites": [],
          "passes": [
            "79fa9d5a-849e-4caf-9e9b-f8b408d895fb",
            "4e693cc8-790e-4757-8925-e24f2e538a29"
          ],
          "failures": [],
          "pending": [],
          "skipped": [],
          "duration": 3103,
          "root": false,
          "rootEmpty": false,
          "_timeout": 2000
        }
      ],
      "passes": [],
      "failures": [],
      "pending": [],
      "skipped": [],
      "duration": 0,
      "root": true,
      "rootEmpty": true,
      "_timeout": 2000
    }
  ],
  "meta": {
    "mocha": {
      "version": "7.2.0"
    },
    "mochawesome": {
      "options": {
        "quiet": false,
        "reportFilename": "mochawesome",
        "saveHtml": false,
        "saveJson": true,
        "consoleReporter": "spec",
        "useInlineDiffs": false,
        "code": true
      },
      "version": "7.1.3"
    },
    "marge": {
      "options": {
        "charts": true,
        "reportPageTitle": "Relatorio de testes",
        "embeddedScreenshots": true,
        "inlineAssets": true,
        "saveAllAttempts": false,
        "overwrite": false,
        "html": false,
        "json": true,
        "reportDir": "cypress\\reports\\html\\.jsons"
      },
      "version": "6.2.0"
    }
  }
}