{
  "stats": {
    "suites": 1,
    "tests": 2,
    "passes": 1,
    "pending": 0,
    "failures": 1,
    "start": "2025-04-28T20:10:52.857Z",
    "end": "2025-04-28T20:10:55.489Z",
    "duration": 2632,
    "testsRegistered": 2,
    "passPercent": 50,
    "pendingPercent": 0,
    "other": 0,
    "hasOther": false,
    "skipped": 0,
    "hasSkipped": false
  },
  "results": [
    {
      "uuid": "b429cbc2-fcf3-455a-b184-a2bf5cf80a6b",
      "title": "",
      "fullFile": "cypress\\e2e\\login\\login.cy.js",
      "file": "cypress\\e2e\\login\\login.cy.js",
      "beforeHooks": [],
      "afterHooks": [],
      "tests": [],
      "suites": [
        {
          "uuid": "b777b42b-9b17-46d8-bc8b-bea6653f14b2",
          "title": "Login",
          "fullFile": "",
          "file": "",
          "beforeHooks": [],
          "afterHooks": [],
          "tests": [
            {
              "title": "Realizar login com sucesso",
              "fullTitle": "Login Realizar login com sucesso",
              "timedOut": null,
              "duration": 554,
              "state": "failed",
              "speed": null,
              "pass": false,
              "fail": true,
              "pending": false,
              "context": null,
              "code": "_Login.default.preencherCredenciasValidas();\n_Inventory.default.validarAcessoPagina();",
              "err": {
                "message": "CypressError: `cy.type()` can only accept a string or number. You passed in: `[object Object]`\n\nhttps://on.cypress.io/type",
                "estack": "CypressError: `cy.type()` can only accept a string or number. You passed in: `[object Object]`\n\nhttps://on.cypress.io/type\n    at Context.type (https://www.saucedemo.com/__cypress/runner/cypress_runner.js:115430:68)\n    at wrapped (https://www.saucedemo.com/__cypress/runner/cypress_runner.js:140155:19)\nFrom Your Spec Code:\n    at Login.preencherCredenciasValidas (webpack://cypress-estudo/./cypress/pages/Login/index.js:19:27)\n    at Context.eval (webpack://cypress-estudo/./cypress/e2e/login/login.cy.js:12:14)",
                "diff": null
              },
              "uuid": "3d3a0061-2645-4438-b6ca-dbdcc2afec41",
              "parentUUID": "b777b42b-9b17-46d8-bc8b-bea6653f14b2",
              "isHook": false,
              "skipped": false
            },
            {
              "title": "Realizar login com credenciais inválidas",
              "fullTitle": "Login Realizar login com credenciais inválidas",
              "timedOut": null,
              "duration": 739,
              "state": "passed",
              "speed": "fast",
              "pass": true,
              "fail": false,
              "pending": false,
              "context": null,
              "code": "// Act\n_Login.default.preencherCredenciasInvalidas();\n// Assert\n_Login.default.validarErroCredenciaisInvalida();\n_Login.default.validarAcessoPagina();",
              "err": {},
              "uuid": "91ddc501-8274-4616-82ad-eae01acc4ccc",
              "parentUUID": "b777b42b-9b17-46d8-bc8b-bea6653f14b2",
              "isHook": false,
              "skipped": false
            }
          ],
          "suites": [],
          "passes": [
            "91ddc501-8274-4616-82ad-eae01acc4ccc"
          ],
          "failures": [
            "3d3a0061-2645-4438-b6ca-dbdcc2afec41"
          ],
          "pending": [],
          "skipped": [],
          "duration": 1293,
          "root": false,
          "rootEmpty": false,
          "_timeout": 2000
        }
      ],
      "passes": [],
      "failures": [],
      "pending": [],
      "skipped": [],
      "duration": 0,
      "root": true,
      "rootEmpty": true,
      "_timeout": 2000
    }
  ],
  "meta": {
    "mocha": {
      "version": "7.2.0"
    },
    "mochawesome": {
      "options": {
        "quiet": false,
        "reportFilename": "mochawesome",
        "saveHtml": false,
        "saveJson": true,
        "consoleReporter": "spec",
        "useInlineDiffs": false,
        "code": true
      },
      "version": "7.1.3"
    },
    "marge": {
      "options": {
        "id": "default",
        "charts": true,
        "reportPageTitle": "Relatorio de testes",
        "embeddedScreenshots": true,
        "inlineAssets": true,
        "saveAllAttempts": false,
        "overwrite": false,
        "html": false,
        "json": true,
        "reportDir": "cypress\\reports\\html\\.jsons"
      },
      "version": "6.2.0"
    }
  }
}