{
  "stats": {
    "suites": 1,
    "tests": 4,
    "passes": 4,
    "pending": 0,
    "failures": 0,
    "start": "2025-05-13T16:30:24.660Z",
    "end": "2025-05-13T16:30:30.625Z",
    "duration": 5965,
    "testsRegistered": 4,
    "passPercent": 100,
    "pendingPercent": 0,
    "other": 0,
    "hasOther": false,
    "skipped": 0,
    "hasSkipped": false
  },
  "results": [
    {
      "uuid": "d3f0cadb-10e5-455d-8879-a3770a454699",
      "title": "",
      "fullFile": "cypress\\e2e\\cart\\cart.cy.js",
      "file": "cypress\\e2e\\cart\\cart.cy.js",
      "beforeHooks": [],
      "afterHooks": [],
      "tests": [],
      "suites": [
        {
          "uuid": "15964bac-6daf-4636-b5a4-b17c29c49d07",
          "title": "Cart",
          "fullFile": "",
          "file": "",
          "beforeHooks": [],
          "afterHooks": [],
          "tests": [
            {
              "title": "Adicionar produto ao carrinho com sucesso",
              "fullTitle": "Cart Adicionar produto ao carrinho com sucesso",
              "timedOut": null,
              "duration": 2216,
              "state": "passed",
              "speed": "fast",
              "pass": true,
              "fail": false,
              "pending": false,
              "context": null,
              "code": "// Act\nconst qtdItensAdicionados = 1;\n_Inventory.default.adicionarProduto('Sauce Labs Backpack');\n// Assert\n_Header.default.ValidarQueCarrinhoPossuiItens(1);\n_Cart.default.validarProdutoPresenteNoCarrinho('Sauce Labs Backpack');",
              "err": {},
              "uuid": "fd0961cd-576e-41e5-a6f0-8969a4a00ead",
              "parentUUID": "15964bac-6daf-4636-b5a4-b17c29c49d07",
              "isHook": false,
              "skipped": false
            },
            {
              "title": "Remover produto do carrinho com sucesso",
              "fullTitle": "Cart Remover produto do carrinho com sucesso",
              "timedOut": null,
              "duration": 996,
              "state": "passed",
              "speed": "fast",
              "pass": true,
              "fail": false,
              "pending": false,
              "context": null,
              "code": "// Arrange   \n_Inventory.default.adicionarProduto('Sauce Labs Backpack');\n// Act\n_Inventory.default.removerProduto('Sauce Labs Backpack');\n// Assert\n_Header.default.ValidarQueCarrinhoNaoPossuiItens();",
              "err": {},
              "uuid": "9a4efaec-8b8f-41e3-9dae-81ff43ad4b68",
              "parentUUID": "15964bac-6daf-4636-b5a4-b17c29c49d07",
              "isHook": false,
              "skipped": false
            },
            {
              "title": "Adicionar produto ao carrinho e finaliza check out com sucesso",
              "fullTitle": "Cart Adicionar produto ao carrinho e finaliza check out com sucesso",
              "timedOut": null,
              "duration": 1652,
              "state": "passed",
              "speed": "fast",
              "pass": true,
              "fail": false,
              "pending": false,
              "context": null,
              "code": "_Inventory.default.adicionarProduto('Sauce Labs Backpack');\n_Header.default.ValidarQueCarrinhoPossuiItens(1);\n_Cart.default.validarProdutoPresenteNoCarrinho('Sauce Labs Backpack');\n_Inventory.default.vaiAtePaginaDoCarrinho();\n_Cart.default.clicaNoBotaoDeCheckout();\n_Checkout.default.preencheCamposCorretosParaPagamento(faker.person.firstName(), faker.person.lastName(), faker.location.zipCode());\n_Checkout.default.finalizaCheckout();\n_Checkout.default.verificaQueCompraFoiConcluidaComSucesso();",
              "err": {},
              "uuid": "181de5cb-a152-472f-a43e-ba294eb21977",
              "parentUUID": "15964bac-6daf-4636-b5a4-b17c29c49d07",
              "isHook": false,
              "skipped": false
            },
            {
              "title": "Adicionar produto ao carrinho e finaliza check out sem informações de pagamento ",
              "fullTitle": "Cart Adicionar produto ao carrinho e finaliza check out sem informações de pagamento ",
              "timedOut": null,
              "duration": 998,
              "state": "passed",
              "speed": "fast",
              "pass": true,
              "fail": false,
              "pending": false,
              "context": null,
              "code": "_Inventory.default.adicionarProduto('Sauce Labs Backpack');\n_Header.default.ValidarQueCarrinhoPossuiItens(1);\n_Cart.default.validarProdutoPresenteNoCarrinho('Sauce Labs Backpack');\n_Inventory.default.vaiAtePaginaDoCarrinho();\n_Cart.default.clicaNoBotaoDeCheckout();\n_Checkout.default.naoPreencheDadosParaPagamento();\n//deve verificar que a URL não mudou para o segundo checkout \n_Checkout.default.validaQueAPaginaEoCheckoutStepOne();",
              "err": {},
              "uuid": "3842df3d-cae5-41b5-89a9-053e97ff6af1",
              "parentUUID": "15964bac-6daf-4636-b5a4-b17c29c49d07",
              "isHook": false,
              "skipped": false
            }
          ],
          "suites": [],
          "passes": [
            "fd0961cd-576e-41e5-a6f0-8969a4a00ead",
            "9a4efaec-8b8f-41e3-9dae-81ff43ad4b68",
            "181de5cb-a152-472f-a43e-ba294eb21977",
            "3842df3d-cae5-41b5-89a9-053e97ff6af1"
          ],
          "failures": [],
          "pending": [],
          "skipped": [],
          "duration": 5862,
          "root": false,
          "rootEmpty": false,
          "_timeout": 2000
        }
      ],
      "passes": [],
      "failures": [],
      "pending": [],
      "skipped": [],
      "duration": 0,
      "root": true,
      "rootEmpty": true,
      "_timeout": 2000
    }
  ],
  "meta": {
    "mocha": {
      "version": "7.2.0"
    },
    "mochawesome": {
      "options": {
        "quiet": false,
        "reportFilename": "mochawesome",
        "saveHtml": false,
        "saveJson": true,
        "consoleReporter": "spec",
        "useInlineDiffs": false,
        "code": true
      },
      "version": "7.1.3"
    },
    "marge": {
      "options": {
        "charts": true,
        "reportPageTitle": "Relatorio de testes",
        "embeddedScreenshots": true,
        "inlineAssets": true,
        "saveAllAttempts": false,
        "overwrite": false,
        "html": false,
        "json": true,
        "reportDir": "cypress\\reports\\html\\.jsons"
      },
      "version": "6.2.0"
    }
  }
}