{
  "stats": {
    "suites": 1,
    "tests": 2,
    "passes": 1,
    "pending": 0,
    "failures": 1,
    "start": "2025-04-28T17:44:46.785Z",
    "end": "2025-04-28T17:44:48.995Z",
    "duration": 2210,
    "testsRegistered": 2,
    "passPercent": 50,
    "pendingPercent": 0,
    "other": 0,
    "hasOther": false,
    "skipped": 0,
    "hasSkipped": false
  },
  "results": [
    {
      "uuid": "924eff64-d518-42a6-aedc-ee34bb120484",
      "title": "",
      "fullFile": "cypress\\e2e\\login\\login.cy.js",
      "file": "cypress\\e2e\\login\\login.cy.js",
      "beforeHooks": [],
      "afterHooks": [],
      "tests": [],
      "suites": [
        {
          "uuid": "f65f43d9-550f-4693-81a9-01259b7ad4fb",
          "title": "Login",
          "fullFile": "",
          "file": "",
          "beforeHooks": [],
          "afterHooks": [],
          "tests": [
            {
              "title": "Realizar login com sucesso",
              "fullTitle": "Login Realizar login com sucesso",
              "timedOut": null,
              "duration": 1409,
              "state": "failed",
              "speed": null,
              "pass": false,
              "fail": true,
              "pending": false,
              "context": null,
              "code": "_Login.default.preencherCredenciasValidas();\n_inventory.default.validarAcessoPagina();",
              "err": {
                "message": "CypressError: `cy.type()` can only accept a string or number. You passed in: `undefined`\n\nhttps://on.cypress.io/type",
                "estack": "CypressError: `cy.type()` can only accept a string or number. You passed in: `undefined`\n\nhttps://on.cypress.io/type\n    at Context.type (https://www.saucedemo.com/__cypress/runner/cypress_runner.js:115430:68)\n    at wrapped (https://www.saucedemo.com/__cypress/runner/cypress_runner.js:140155:19)\nFrom Your Spec Code:\n    at Login.preencherCredenciasValidas (webpack://cypress-estudo/./cypress/pages/Login/index.js:14:27)\n    at Context.eval (webpack://cypress-estudo/./cypress/e2e/login/login.cy.js:12:14)",
                "diff": null
              },
              "uuid": "5f5f31a0-51ac-48dc-bfe3-8c6322d3a140",
              "parentUUID": "f65f43d9-550f-4693-81a9-01259b7ad4fb",
              "isHook": false,
              "skipped": false
            },
            {
              "title": "Realizar login com credenciais inválidas",
              "fullTitle": "Login Realizar login com credenciais inválidas",
              "timedOut": null,
              "duration": 744,
              "state": "passed",
              "speed": "fast",
              "pass": true,
              "fail": false,
              "pending": false,
              "context": null,
              "code": "// Act\n_Login.default.preencherCredenciasInvalidas();\n// Assert\n_Login.default.validarErroCredenciaisInvalida();\n_Login.default.validarAcessoPagina();",
              "err": {},
              "uuid": "a144bad0-c37e-483a-9c02-c6dc0a2fb8db",
              "parentUUID": "f65f43d9-550f-4693-81a9-01259b7ad4fb",
              "isHook": false,
              "skipped": false
            }
          ],
          "suites": [],
          "passes": [
            "a144bad0-c37e-483a-9c02-c6dc0a2fb8db"
          ],
          "failures": [
            "5f5f31a0-51ac-48dc-bfe3-8c6322d3a140"
          ],
          "pending": [],
          "skipped": [],
          "duration": 2153,
          "root": false,
          "rootEmpty": false,
          "_timeout": 2000
        }
      ],
      "passes": [],
      "failures": [],
      "pending": [],
      "skipped": [],
      "duration": 0,
      "root": true,
      "rootEmpty": true,
      "_timeout": 2000
    }
  ],
  "meta": {
    "mocha": {
      "version": "7.2.0"
    },
    "mochawesome": {
      "options": {
        "quiet": false,
        "reportFilename": "mochawesome",
        "saveHtml": false,
        "saveJson": true,
        "consoleReporter": "spec",
        "useInlineDiffs": false,
        "code": true
      },
      "version": "7.1.3"
    },
    "marge": {
      "options": {
        "id": "default",
        "charts": true,
        "reportPageTitle": "Relatorio de testes",
        "embeddedScreenshots": true,
        "inlineAssets": true,
        "saveAllAttempts": false,
        "overwrite": false,
        "html": false,
        "json": true,
        "reportDir": "cypress\\reports\\html\\.jsons"
      },
      "version": "6.2.0"
    }
  }
}