{
  "stats": {
    "suites": 1,
    "tests": 2,
    "passes": 1,
    "pending": 0,
    "failures": 1,
    "start": "2025-04-28T19:45:41.470Z",
    "end": "2025-04-28T19:45:49.385Z",
    "duration": 7915,
    "testsRegistered": 2,
    "passPercent": 50,
    "pendingPercent": 0,
    "other": 0,
    "hasOther": false,
    "skipped": 0,
    "hasSkipped": false
  },
  "results": [
    {
      "uuid": "77deb04c-abc1-4396-81d4-397376d2c7e3",
      "title": "",
      "fullFile": "cypress\\e2e\\login\\login.cy.js",
      "file": "cypress\\e2e\\login\\login.cy.js",
      "beforeHooks": [],
      "afterHooks": [],
      "tests": [],
      "suites": [
        {
          "uuid": "4e193999-08df-463c-b6d5-a665d992d58b",
          "title": "Login",
          "fullFile": "",
          "file": "",
          "beforeHooks": [],
          "afterHooks": [],
          "tests": [
            {
              "title": "Realizar login com sucesso",
              "fullTitle": "Login Realizar login com sucesso",
              "timedOut": null,
              "duration": 5703,
              "state": "failed",
              "speed": null,
              "pass": false,
              "fail": true,
              "pending": false,
              "context": null,
              "code": "_Login.default.preencherCredenciasValidas();\n_Inventory.default.validarAcessoPagina();",
              "err": {
                "message": "AssertionError: Timed out retrying after 4000ms: expected 'https://www.saucedemo.com/' to equal 'https://www.saucedemo.com/inventory.html'",
                "estack": "AssertionError: Timed out retrying after 4000ms: expected 'https://www.saucedemo.com/' to equal 'https://www.saucedemo.com/inventory.html'\n    at Inventory.validarAcessoPagina (webpack://cypress-estudo/./cypress/pages/Inventory/index.js:6:17)\n    at Context.eval (webpack://cypress-estudo/./cypress/e2e/login/login.cy.js:14:18)",
                "diff": "- 'https://www.saucedemo.com/'\n+ 'https://www.saucedemo.com/inventory.html'\n"
              },
              "uuid": "c46be2a3-3af4-4e02-972d-023449f6ed6d",
              "parentUUID": "4e193999-08df-463c-b6d5-a665d992d58b",
              "isHook": false,
              "skipped": false
            },
            {
              "title": "Realizar login com credenciais inválidas",
              "fullTitle": "Login Realizar login com credenciais inválidas",
              "timedOut": null,
              "duration": 702,
              "state": "passed",
              "speed": "fast",
              "pass": true,
              "fail": false,
              "pending": false,
              "context": null,
              "code": "// Act\n_Login.default.preencherCredenciasInvalidas();\n// Assert\n_Login.default.validarErroCredenciaisInvalida();\n_Login.default.validarAcessoPagina();",
              "err": {},
              "uuid": "6e1c843d-cf84-4af9-941a-fba6923af438",
              "parentUUID": "4e193999-08df-463c-b6d5-a665d992d58b",
              "isHook": false,
              "skipped": false
            }
          ],
          "suites": [],
          "passes": [
            "6e1c843d-cf84-4af9-941a-fba6923af438"
          ],
          "failures": [
            "c46be2a3-3af4-4e02-972d-023449f6ed6d"
          ],
          "pending": [],
          "skipped": [],
          "duration": 6405,
          "root": false,
          "rootEmpty": false,
          "_timeout": 2000
        }
      ],
      "passes": [],
      "failures": [],
      "pending": [],
      "skipped": [],
      "duration": 0,
      "root": true,
      "rootEmpty": true,
      "_timeout": 2000
    }
  ],
  "meta": {
    "mocha": {
      "version": "7.2.0"
    },
    "mochawesome": {
      "options": {
        "quiet": false,
        "reportFilename": "mochawesome",
        "saveHtml": false,
        "saveJson": true,
        "consoleReporter": "spec",
        "useInlineDiffs": false,
        "code": true
      },
      "version": "7.1.3"
    },
    "marge": {
      "options": {
        "id": "default",
        "charts": true,
        "reportPageTitle": "Relatorio de testes",
        "embeddedScreenshots": true,
        "inlineAssets": true,
        "saveAllAttempts": false,
        "overwrite": false,
        "html": false,
        "json": true,
        "reportDir": "cypress\\reports\\html\\.jsons"
      },
      "version": "6.2.0"
    }
  }
}