{
  "stats": {
    "suites": 1,
    "tests": 2,
    "passes": 2,
    "pending": 0,
    "failures": 0,
    "start": "2025-05-07T00:00:17.036Z",
    "end": "2025-05-07T00:00:20.930Z",
    "duration": 3894,
    "testsRegistered": 2,
    "passPercent": 100,
    "pendingPercent": 0,
    "other": 0,
    "hasOther": false,
    "skipped": 0,
    "hasSkipped": false
  },
  "results": [
    {
      "uuid": "531a67db-79f0-457f-83d6-f506e186e4d8",
      "title": "",
      "fullFile": "cypress\\e2e\\login\\login.cy.js",
      "file": "cypress\\e2e\\login\\login.cy.js",
      "beforeHooks": [],
      "afterHooks": [],
      "tests": [],
      "suites": [
        {
          "uuid": "bac34235-4797-4f25-b42b-7e1e58b1862f",
          "title": "Login",
          "fullFile": "",
          "file": "",
          "beforeHooks": [],
          "afterHooks": [],
          "tests": [
            {
              "title": "Realizar login com sucesso",
              "fullTitle": "Login Realizar login com sucesso",
              "timedOut": null,
              "duration": 2845,
              "state": "passed",
              "speed": "fast",
              "pass": true,
              "fail": false,
              "pending": false,
              "context": null,
              "code": "_Login.default.preencherCredenciasValidas();\n_Inventory.default.validarAcessoPagina();",
              "err": {},
              "uuid": "e3326fbd-bec5-422b-a904-74e95facdb9a",
              "parentUUID": "bac34235-4797-4f25-b42b-7e1e58b1862f",
              "isHook": false,
              "skipped": false
            },
            {
              "title": "Realizar login com credenciais inválidas",
              "fullTitle": "Login Realizar login com credenciais inválidas",
              "timedOut": null,
              "duration": 993,
              "state": "passed",
              "speed": "fast",
              "pass": true,
              "fail": false,
              "pending": false,
              "context": null,
              "code": "// Act\n_Login.default.preencherCredenciasInvalidas();\n// Assert\n_Login.default.validarErroCredenciaisInvalida();\n_Login.default.validarAcessoPagina();",
              "err": {},
              "uuid": "876a42bb-ebc7-4ca7-abaa-aa594d96f7a5",
              "parentUUID": "bac34235-4797-4f25-b42b-7e1e58b1862f",
              "isHook": false,
              "skipped": false
            }
          ],
          "suites": [],
          "passes": [
            "e3326fbd-bec5-422b-a904-74e95facdb9a",
            "876a42bb-ebc7-4ca7-abaa-aa594d96f7a5"
          ],
          "failures": [],
          "pending": [],
          "skipped": [],
          "duration": 3838,
          "root": false,
          "rootEmpty": false,
          "_timeout": 2000
        }
      ],
      "passes": [],
      "failures": [],
      "pending": [],
      "skipped": [],
      "duration": 0,
      "root": true,
      "rootEmpty": true,
      "_timeout": 2000
    }
  ],
  "meta": {
    "mocha": {
      "version": "7.2.0"
    },
    "mochawesome": {
      "options": {
        "quiet": false,
        "reportFilename": "mochawesome",
        "saveHtml": false,
        "saveJson": true,
        "consoleReporter": "spec",
        "useInlineDiffs": false,
        "code": true
      },
      "version": "7.1.3"
    },
    "marge": {
      "options": {
        "charts": true,
        "reportPageTitle": "Relatorio de testes",
        "embeddedScreenshots": true,
        "inlineAssets": true,
        "saveAllAttempts": false,
        "overwrite": false,
        "html": false,
        "json": true,
        "reportDir": "cypress\\reports\\html\\.jsons"
      },
      "version": "6.2.0"
    }
  }
}