{
  "stats": {
    "suites": 1,
    "tests": 2,
    "passes": 2,
    "pending": 0,
    "failures": 0,
    "start": "2025-04-30T17:51:01.169Z",
    "end": "2025-04-30T17:51:01.229Z",
    "duration": 60,
    "testsRegistered": 2,
    "passPercent": 100,
    "pendingPercent": 0,
    "other": 0,
    "hasOther": false,
    "skipped": 0,
    "hasSkipped": false
  },
  "results": [
    {
      "uuid": "321f7a73-b805-42db-8b37-afe160bfb51f",
      "title": "",
      "fullFile": "cypress\\e2e\\api\\api_produto.cy.js",
      "file": "cypress\\e2e\\api\\api_produto.cy.js",
      "beforeHooks": [],
      "afterHooks": [],
      "tests": [],
      "suites": [
        {
          "uuid": "106add18-350b-4b6d-955d-30bd188e975e",
          "title": "Deve realizar um login e cadastrar um produto com sucesso",
          "fullFile": "",
          "file": "",
          "beforeHooks": [],
          "afterHooks": [],
          "tests": [
            {
              "title": "Deve realizar login com sucesso",
              "fullTitle": "Deve realizar um login e cadastrar um produto com sucesso Deve realizar login com sucesso",
              "timedOut": null,
              "duration": 26,
              "state": "passed",
              "speed": "fast",
              "pass": true,
              "fail": false,
              "pending": false,
              "context": null,
              "code": "cy.api_login(\"beltrano@qa.com.br\", \"teste\").then(response => {\n  expect(response.status).to.equal(200);\n  expect(response.body.message).to.equal(\"Login realizado com sucesso\");\n  bearerToken = response.body.authorization;\n});",
              "err": {},
              "uuid": "edf402f7-4b9b-4b1b-8a43-0e513c6bacb4",
              "parentUUID": "106add18-350b-4b6d-955d-30bd188e975e",
              "isHook": false,
              "skipped": false
            },
            {
              "title": "Deve cadastrar produto com sucesso",
              "fullTitle": "Deve realizar um login e cadastrar um produto com sucesso Deve cadastrar produto com sucesso",
              "timedOut": null,
              "duration": 14,
              "state": "passed",
              "speed": "fast",
              "pass": true,
              "fail": false,
              "pending": false,
              "context": null,
              "code": "cy.request({\n  method: 'POST',\n  url: 'http://localhost:3000/produtos',\n  headers: {\n    authorization: bearerToken\n  },\n  body: {\n    \"nome\": faker.commerce.product(),\n    \"preco\": faker.number.int({\n      max: 500\n    }),\n    \"descricao\": faker.commerce.productDescription(),\n    \"quantidade\": faker.number.int({\n      max: 100\n    })\n  }\n}).then(response => {\n  expect(response.status).to.equal(201);\n  expect(response.body.message).to.equal('Cadastro realizado com sucesso');\n});",
              "err": {},
              "uuid": "3ce0db08-55fa-4be8-9708-90a310984e71",
              "parentUUID": "106add18-350b-4b6d-955d-30bd188e975e",
              "isHook": false,
              "skipped": false
            }
          ],
          "suites": [],
          "passes": [
            "edf402f7-4b9b-4b1b-8a43-0e513c6bacb4",
            "3ce0db08-55fa-4be8-9708-90a310984e71"
          ],
          "failures": [],
          "pending": [],
          "skipped": [],
          "duration": 40,
          "root": false,
          "rootEmpty": false,
          "_timeout": 2000
        }
      ],
      "passes": [],
      "failures": [],
      "pending": [],
      "skipped": [],
      "duration": 0,
      "root": true,
      "rootEmpty": true,
      "_timeout": 2000
    }
  ],
  "meta": {
    "mocha": {
      "version": "7.2.0"
    },
    "mochawesome": {
      "options": {
        "quiet": false,
        "reportFilename": "mochawesome",
        "saveHtml": false,
        "saveJson": true,
        "consoleReporter": "spec",
        "useInlineDiffs": false,
        "code": true
      },
      "version": "7.1.3"
    },
    "marge": {
      "options": {
        "charts": true,
        "reportPageTitle": "Relatorio de testes",
        "embeddedScreenshots": true,
        "inlineAssets": true,
        "saveAllAttempts": false,
        "overwrite": false,
        "html": false,
        "json": true,
        "reportDir": "cypress\\reports\\html\\.jsons"
      },
      "version": "6.2.0"
    }
  }
}