{
  "stats": {
    "suites": 1,
    "tests": 2,
    "passes": 2,
    "pending": 0,
    "failures": 0,
    "start": "2025-04-28T17:46:08.236Z",
    "end": "2025-04-28T17:46:15.897Z",
    "duration": 7661,
    "testsRegistered": 2,
    "passPercent": 100,
    "pendingPercent": 0,
    "other": 0,
    "hasOther": false,
    "skipped": 0,
    "hasSkipped": false
  },
  "results": [
    {
      "uuid": "4c825f99-fe7b-490e-83e7-83dc07ac35fb",
      "title": "",
      "fullFile": "cypress\\e2e\\carrinho\\carrinho.cy.js",
      "file": "cypress\\e2e\\carrinho\\carrinho.cy.js",
      "beforeHooks": [],
      "afterHooks": [],
      "tests": [],
      "suites": [
        {
          "uuid": "fb064695-7cdb-4c2c-9bd6-d5cd5490a37b",
          "title": "Carrinho",
          "fullFile": "",
          "file": "",
          "beforeHooks": [],
          "afterHooks": [],
          "tests": [
            {
              "title": "Adicionar produto ao carrinho com sucesso",
              "fullTitle": "Carrinho Adicionar produto ao carrinho com sucesso",
              "timedOut": null,
              "duration": 4883,
              "state": "passed",
              "speed": "fast",
              "pass": true,
              "fail": false,
              "pending": false,
              "context": null,
              "code": "// Act\nconst qtdItensAdicionados = 1;\n_inventory.default.adicionarProduto('Sauce Labs Backpack');\n// Assert\n_header.default.ValidarQueCarrinhoPossuiItens(1);\n_cart.default.validarProdutoPresenteNoCarrinho('Sauce Labs Backpack');",
              "err": {},
              "uuid": "374115c3-3396-428f-a4f8-da57913194ff",
              "parentUUID": "fb064695-7cdb-4c2c-9bd6-d5cd5490a37b",
              "isHook": false,
              "skipped": false
            },
            {
              "title": "Remover produto do carrinho com sucesso",
              "fullTitle": "Carrinho Remover produto do carrinho com sucesso",
              "timedOut": null,
              "duration": 2719,
              "state": "passed",
              "speed": "fast",
              "pass": true,
              "fail": false,
              "pending": false,
              "context": null,
              "code": "// Arrange   \n_inventory.default.adicionarProduto('Sauce Labs Backpack');\n// Act\n_inventory.default.removerProduto('Sauce Labs Backpack');\n// Assert\n_header.default.ValidarQueCarrinhoNaoPossuiItens();",
              "err": {},
              "uuid": "37faba7b-8766-4717-8880-4c7a5dcdcf8f",
              "parentUUID": "fb064695-7cdb-4c2c-9bd6-d5cd5490a37b",
              "isHook": false,
              "skipped": false
            }
          ],
          "suites": [],
          "passes": [
            "374115c3-3396-428f-a4f8-da57913194ff",
            "37faba7b-8766-4717-8880-4c7a5dcdcf8f"
          ],
          "failures": [],
          "pending": [],
          "skipped": [],
          "duration": 7602,
          "root": false,
          "rootEmpty": false,
          "_timeout": 2000
        }
      ],
      "passes": [],
      "failures": [],
      "pending": [],
      "skipped": [],
      "duration": 0,
      "root": true,
      "rootEmpty": true,
      "_timeout": 2000
    }
  ],
  "meta": {
    "mocha": {
      "version": "7.2.0"
    },
    "mochawesome": {
      "options": {
        "quiet": false,
        "reportFilename": "mochawesome",
        "saveHtml": false,
        "saveJson": true,
        "consoleReporter": "spec",
        "useInlineDiffs": false,
        "code": true
      },
      "version": "7.1.3"
    },
    "marge": {
      "options": {
        "id": "default",
        "charts": true,
        "reportPageTitle": "Relatorio de testes",
        "embeddedScreenshots": true,
        "inlineAssets": true,
        "saveAllAttempts": false,
        "overwrite": false,
        "html": false,
        "json": true,
        "reportDir": "cypress\\reports\\html\\.jsons"
      },
      "version": "6.2.0"
    }
  }
}