{
  "stats": {
    "suites": 1,
    "tests": 4,
    "passes": 4,
    "pending": 0,
    "failures": 0,
    "start": "2025-04-30T17:36:45.619Z",
    "end": "2025-04-30T17:36:45.740Z",
    "duration": 121,
    "testsRegistered": 4,
    "passPercent": 100,
    "pendingPercent": 0,
    "other": 0,
    "hasOther": false,
    "skipped": 0,
    "hasSkipped": false
  },
  "results": [
    {
      "uuid": "070c7f10-6f12-47ae-8d9b-997d3cc673cb",
      "title": "",
      "fullFile": "cypress\\e2e\\api\\api_login.cy.js",
      "file": "cypress\\e2e\\api\\api_login.cy.js",
      "beforeHooks": [],
      "afterHooks": [],
      "tests": [],
      "suites": [
        {
          "uuid": "d4b7f3f6-bc56-4b3d-bef6-f6325717abc2",
          "title": "API - Teste funcional de Login",
          "fullFile": "",
          "file": "",
          "beforeHooks": [],
          "afterHooks": [],
          "tests": [
            {
              "title": "Deve realizar login com sucesso",
              "fullTitle": "API - Teste funcional de Login Deve realizar login com sucesso",
              "timedOut": null,
              "duration": 30,
              "state": "passed",
              "speed": "fast",
              "pass": true,
              "fail": false,
              "pending": false,
              "context": null,
              "code": "cy.api_login('beltrano@qa.com.br', 'teste').then(response => {\n  expect(response.status).to.equal(200);\n  expect(response.body.message).to.equal(\"Login realizado com sucesso\");\n});",
              "err": {},
              "uuid": "c46df5c4-2a02-4251-ae1c-765c6420b554",
              "parentUUID": "d4b7f3f6-bc56-4b3d-bef6-f6325717abc2",
              "isHook": false,
              "skipped": false
            },
            {
              "title": "Deve validar login com campos vazios",
              "fullTitle": "API - Teste funcional de Login Deve validar login com campos vazios",
              "timedOut": null,
              "duration": 21,
              "state": "passed",
              "speed": "fast",
              "pass": true,
              "fail": false,
              "pending": false,
              "context": null,
              "code": "cy.api_login('', '').then(response => {\n  expect(response.status).to.equal(400);\n  expect(response.body.email).to.equal(\"email não pode ficar em branco\");\n  expect(response.body.password).to.equal(\"password não pode ficar em branco\");\n});",
              "err": {},
              "uuid": "47d545ce-5fe9-4caa-a7ef-96c8a9f74711",
              "parentUUID": "d4b7f3f6-bc56-4b3d-bef6-f6325717abc2",
              "isHook": false,
              "skipped": false
            },
            {
              "title": "Deve validar login com email inválido",
              "fullTitle": "API - Teste funcional de Login Deve validar login com email inválido",
              "timedOut": null,
              "duration": 19,
              "state": "passed",
              "speed": "fast",
              "pass": true,
              "fail": false,
              "pending": false,
              "context": null,
              "code": "cy.api_login('teste@ga', 'senha').then(response => {\n  expect(response.status).to.equal(400);\n  expect(response.body.email).to.equal(\"email deve ser um email válido\");\n});",
              "err": {},
              "uuid": "cea43339-8a49-42bb-b9c4-86b58cce7e25",
              "parentUUID": "d4b7f3f6-bc56-4b3d-bef6-f6325717abc2",
              "isHook": false,
              "skipped": false
            },
            {
              "title": "Deve validar uma senha incorreta",
              "fullTitle": "API - Teste funcional de Login Deve validar uma senha incorreta",
              "timedOut": null,
              "duration": 11,
              "state": "passed",
              "speed": "fast",
              "pass": true,
              "fail": false,
              "pending": false,
              "context": null,
              "code": "cy.api_login('beltrano@qa.com.br', 'asdasdasd').then(response => {\n  expect(response.status).to.equal(401);\n  expect(response.body.message).to.equal(\"Email e/ou senha inválidos\");\n});",
              "err": {},
              "uuid": "52e241fa-85e0-4135-8d84-315a4c043520",
              "parentUUID": "d4b7f3f6-bc56-4b3d-bef6-f6325717abc2",
              "isHook": false,
              "skipped": false
            }
          ],
          "suites": [],
          "passes": [
            "c46df5c4-2a02-4251-ae1c-765c6420b554",
            "47d545ce-5fe9-4caa-a7ef-96c8a9f74711",
            "cea43339-8a49-42bb-b9c4-86b58cce7e25",
            "52e241fa-85e0-4135-8d84-315a4c043520"
          ],
          "failures": [],
          "pending": [],
          "skipped": [],
          "duration": 81,
          "root": false,
          "rootEmpty": false,
          "_timeout": 2000
        }
      ],
      "passes": [],
      "failures": [],
      "pending": [],
      "skipped": [],
      "duration": 0,
      "root": true,
      "rootEmpty": true,
      "_timeout": 2000
    }
  ],
  "meta": {
    "mocha": {
      "version": "7.2.0"
    },
    "mochawesome": {
      "options": {
        "quiet": false,
        "reportFilename": "mochawesome",
        "saveHtml": false,
        "saveJson": true,
        "consoleReporter": "spec",
        "useInlineDiffs": false,
        "code": true
      },
      "version": "7.1.3"
    },
    "marge": {
      "options": {
        "charts": true,
        "reportPageTitle": "Relatorio de testes",
        "embeddedScreenshots": true,
        "inlineAssets": true,
        "saveAllAttempts": false,
        "overwrite": false,
        "html": false,
        "json": true,
        "reportDir": "cypress\\reports\\html\\.jsons"
      },
      "version": "6.2.0"
    }
  }
}