{
  "stats": {
    "suites": 1,
    "tests": 2,
    "passes": 2,
    "pending": 0,
    "failures": 0,
    "start": "2025-05-07T00:00:12.344Z",
    "end": "2025-05-07T00:00:15.946Z",
    "duration": 3602,
    "testsRegistered": 2,
    "passPercent": 100,
    "pendingPercent": 0,
    "other": 0,
    "hasOther": false,
    "skipped": 0,
    "hasSkipped": false
  },
  "results": [
    {
      "uuid": "65aa1472-1017-4955-ba50-260014584890",
      "title": "",
      "fullFile": "cypress\\e2e\\carrinho\\carrinho.cy.js",
      "file": "cypress\\e2e\\carrinho\\carrinho.cy.js",
      "beforeHooks": [],
      "afterHooks": [],
      "tests": [],
      "suites": [
        {
          "uuid": "73cd4d4f-27dd-418a-a778-857220583c8c",
          "title": "Carrinho",
          "fullFile": "",
          "file": "",
          "beforeHooks": [],
          "afterHooks": [],
          "tests": [
            {
              "title": "Adicionar produto ao carrinho com sucesso",
              "fullTitle": "Carrinho Adicionar produto ao carrinho com sucesso",
              "timedOut": null,
              "duration": 2170,
              "state": "passed",
              "speed": "fast",
              "pass": true,
              "fail": false,
              "pending": false,
              "context": null,
              "code": "// Act\nconst qtdItensAdicionados = 1;\n_Inventory.default.adicionarProduto('Sauce Labs Backpack');\n// Assert\n_Header.default.ValidarQueCarrinhoPossuiItens(1);\n_Cart.default.validarProdutoPresenteNoCarrinho('Sauce Labs Backpack');",
              "err": {},
              "uuid": "d9db31e6-0296-41b9-852f-56311eab9347",
              "parentUUID": "73cd4d4f-27dd-418a-a778-857220583c8c",
              "isHook": false,
              "skipped": false
            },
            {
              "title": "Remover produto do carrinho com sucesso",
              "fullTitle": "Carrinho Remover produto do carrinho com sucesso",
              "timedOut": null,
              "duration": 1375,
              "state": "passed",
              "speed": "fast",
              "pass": true,
              "fail": false,
              "pending": false,
              "context": null,
              "code": "// Arrange   \n_Inventory.default.adicionarProduto('Sauce Labs Backpack');\n// Act\n_Inventory.default.removerProduto('Sauce Labs Backpack');\n// Assert\n_Header.default.ValidarQueCarrinhoNaoPossuiItens();",
              "err": {},
              "uuid": "6b5a40e0-4309-47be-84a8-0cbb8143d6fe",
              "parentUUID": "73cd4d4f-27dd-418a-a778-857220583c8c",
              "isHook": false,
              "skipped": false
            }
          ],
          "suites": [],
          "passes": [
            "d9db31e6-0296-41b9-852f-56311eab9347",
            "6b5a40e0-4309-47be-84a8-0cbb8143d6fe"
          ],
          "failures": [],
          "pending": [],
          "skipped": [],
          "duration": 3545,
          "root": false,
          "rootEmpty": false,
          "_timeout": 2000
        }
      ],
      "passes": [],
      "failures": [],
      "pending": [],
      "skipped": [],
      "duration": 0,
      "root": true,
      "rootEmpty": true,
      "_timeout": 2000
    }
  ],
  "meta": {
    "mocha": {
      "version": "7.2.0"
    },
    "mochawesome": {
      "options": {
        "quiet": false,
        "reportFilename": "mochawesome",
        "saveHtml": false,
        "saveJson": true,
        "consoleReporter": "spec",
        "useInlineDiffs": false,
        "code": true
      },
      "version": "7.1.3"
    },
    "marge": {
      "options": {
        "charts": true,
        "reportPageTitle": "Relatorio de testes",
        "embeddedScreenshots": true,
        "inlineAssets": true,
        "saveAllAttempts": false,
        "overwrite": false,
        "html": false,
        "json": true,
        "reportDir": "cypress\\reports\\html\\.jsons"
      },
      "version": "6.2.0"
    }
  }
}