{
  "stats": {
    "suites": 1,
    "tests": 1,
    "passes": 0,
    "pending": 0,
    "failures": 1,
    "start": "2025-04-28T22:11:30.048Z",
    "end": "2025-04-28T22:11:31.626Z",
    "duration": 1578,
    "testsRegistered": 2,
    "passPercent": 0,
    "pendingPercent": 0,
    "other": 0,
    "hasOther": false,
    "skipped": 1,
    "hasSkipped": true
  },
  "results": [
    {
      "uuid": "7ee1dd16-a1b1-476c-987a-0bbe5a8a8f0f",
      "title": "",
      "fullFile": "cypress\\e2e\\carrinho\\carrinho.cy.js",
      "file": "cypress\\e2e\\carrinho\\carrinho.cy.js",
      "beforeHooks": [],
      "afterHooks": [],
      "tests": [],
      "suites": [
        {
          "uuid": "d64c8025-19e3-49f4-a18c-8a4bb8b0a7ca",
          "title": "Carrinho",
          "fullFile": "",
          "file": "",
          "beforeHooks": [],
          "afterHooks": [],
          "tests": [
            {
              "title": "Adicionar produto ao carrinho com sucesso",
              "fullTitle": "Carrinho Adicionar produto ao carrinho com sucesso",
              "timedOut": null,
              "duration": 1545,
              "state": "failed",
              "speed": null,
              "pass": false,
              "fail": true,
              "pending": false,
              "context": null,
              "code": "// Act\nconst qtdItensAdicionados = 1;\n_Inventory.default.adicionarProduto('Sauce Labs Backpack');\n// Assert\n_Header.default.ValidarQueCarrinhoPossuiItens(1);\n_Cart.default.validarProdutoPresenteNoCarrinho('Sauce Labs Backpack');",
              "err": {
                "message": "CypressError: `cy.type()` can only accept a string or number. You passed in: `undefined`\n\nhttps://on.cypress.io/type\n\nBecause this error occurred during a `before each` hook we are skipping the remaining tests in the current suite: `Carrinho`",
                "estack": "CypressError: `cy.type()` can only accept a string or number. You passed in: `undefined`\n\nhttps://on.cypress.io/type\n\nBecause this error occurred during a `before each` hook we are skipping the remaining tests in the current suite: `Carrinho`\n    at Context.type (https://www.saucedemo.com/__cypress/runner/cypress_runner.js:115430:68)\n    at wrapped (https://www.saucedemo.com/__cypress/runner/cypress_runner.js:140155:19)\nFrom Your Spec Code:\n    at Login.preencherCredenciasValidas (webpack://cypress-estudo/./cypress/pages/Login/index.js:17:27)\n    at Context.eval (webpack://cypress-estudo/./cypress/e2e/carrinho/carrinho.cy.js:12:13)",
                "diff": null
              },
              "uuid": "b34dbb39-4f9f-49fe-99aa-6be26b14c9dc",
              "parentUUID": "d64c8025-19e3-49f4-a18c-8a4bb8b0a7ca",
              "isHook": false,
              "skipped": false
            },
            {
              "title": "Remover produto do carrinho com sucesso",
              "fullTitle": "Carrinho Remover produto do carrinho com sucesso",
              "timedOut": null,
              "duration": 0,
              "state": "skipped",
              "speed": null,
              "pass": false,
              "fail": false,
              "pending": false,
              "context": null,
              "code": "// Arrange   \n_Inventory.default.adicionarProduto('Sauce Labs Backpack');\n// Act\n_Inventory.default.removerProduto('Sauce Labs Backpack');\n// Assert\n_Header.default.ValidarQueCarrinhoNaoPossuiItens();",
              "err": {},
              "uuid": "8f68e02f-6d01-4a2e-ac2f-8ab545a0fd04",
              "parentUUID": "d64c8025-19e3-49f4-a18c-8a4bb8b0a7ca",
              "isHook": false,
              "skipped": true
            }
          ],
          "suites": [],
          "passes": [],
          "failures": [
            "b34dbb39-4f9f-49fe-99aa-6be26b14c9dc"
          ],
          "pending": [],
          "skipped": [
            "8f68e02f-6d01-4a2e-ac2f-8ab545a0fd04"
          ],
          "duration": 1545,
          "root": false,
          "rootEmpty": false,
          "_timeout": 2000
        }
      ],
      "passes": [],
      "failures": [],
      "pending": [],
      "skipped": [],
      "duration": 0,
      "root": true,
      "rootEmpty": true,
      "_timeout": 2000
    }
  ],
  "meta": {
    "mocha": {
      "version": "7.2.0"
    },
    "mochawesome": {
      "options": {
        "quiet": false,
        "reportFilename": "mochawesome",
        "saveHtml": false,
        "saveJson": true,
        "consoleReporter": "spec",
        "useInlineDiffs": false,
        "code": true
      },
      "version": "7.1.3"
    },
    "marge": {
      "options": {
        "id": "default",
        "charts": true,
        "reportPageTitle": "Relatorio de testes",
        "embeddedScreenshots": true,
        "inlineAssets": true,
        "saveAllAttempts": false,
        "overwrite": false,
        "html": false,
        "json": true,
        "reportDir": "cypress\\reports\\html\\.jsons"
      },
      "version": "6.2.0"
    }
  }
}